0 info it worked if it ends with ok
1 verbose cli [ 'C:\\Program Files\\nodejs\\node.exe',
1 verbose cli   'C:\\Program Files\\nodejs\\node_modules\\npm\\bin\\npm-cli.js',
1 verbose cli   'run',
1 verbose cli   'build' ]
2 info using npm@3.10.10
3 info using node@v6.11.1
4 verbose run-script [ 'prebuild', 'build', 'postbuild' ]
5 info lifecycle test@2.1.2~prebuild: test@2.1.2
6 silly lifecycle test@2.1.2~prebuild: no script for prebuild, continuing
7 info lifecycle test@2.1.2~build: test@2.1.2
8 verbose lifecycle test@2.1.2~build: unsafe-perm in lifecycle true
9 verbose lifecycle test@2.1.2~build: PATH: C:\Program Files\nodejs\node_modules\npm\bin\node-gyp-bin;E:\vm_init\public_html\mikrotik\plugins\xnitro\mikrotik\assets\dashboard\build\node_modules\.bin;C:\Users\SUBHAN\bin;C:\Program Files\Git\mingw64\bin;C:\Program Files\Git\usr\local\bin;C:\Program Files\Git\usr\bin;C:\Program Files\Git\usr\bin;C:\Program Files\Git\mingw64\bin;C:\Program Files\Git\usr\bin;C:\Users\SUBHAN\bin;C:\Program Files (x86)\Common Files\Intel\Shared Files\cpp\bin\Intel64;C:\Program Files (x86)\ImageMagick-7.0.6-Q16;C:\Program Files\ImageMagick-7.0.6-Q8;C:\WINDOWS\system32;C:\WINDOWS;C:\WINDOWS\System32\Wbem;C:\WINDOWS\System32\WindowsPowerShell\v1.0;C:\Program Files\OpenVPN\bin;C:\Program Files\Git\cmd;C:\xampp\php;C:\ProgramData\ComposerSetup\bin;C:\Program Files\nodejs;C:\Program Files (x86)\Google\Cloud SDK\google-cloud-sdk\bin;C:\Program Files\AMI\DuOS;C:\Go\bin;C:\xampp\apache\bin;C:\Ruby24-x64\bin;C:\Users\SUBHAN\AppData\Local\Programs\Python\Python37-32\Scripts;C:\Users\SUBHAN\AppData\Local\Programs\Python\Python37-32;C:\Users\SUBHAN\AppData\Roaming\Composer\vendor\bin;C:\Users\SUBHAN\AppData\Roaming\npm;C:\Users\SUBHAN\AppData\Local\Microsoft\WindowsApps;C:\Users\SUBHAN\AppData\Local\Programs\Fiddler;C:\Program Files\AMI\DuOS;C:\Program Files\Git\usr\bin\vendor_perl;C:\Program Files\Git\usr\bin\core_perl
10 verbose lifecycle test@2.1.2~build: CWD: E:\vm_init\public_html\mikrotik\plugins\xnitro\mikrotik\assets\dashboard\build
11 silly lifecycle test@2.1.2~build: Args: [ '/d /s /c', 'webpack' ]
12 silly lifecycle test@2.1.2~build: Returned: code: 2  signal: null
13 info lifecycle test@2.1.2~build: Failed to exec build script
14 verbose stack Error: test@2.1.2 build: `webpack`
14 verbose stack Exit status 2
14 verbose stack     at EventEmitter.<anonymous> (C:\Program Files\nodejs\node_modules\npm\lib\utils\lifecycle.js:255:16)
14 verbose stack     at emitTwo (events.js:106:13)
14 verbose stack     at EventEmitter.emit (events.js:191:7)
14 verbose stack     at ChildProcess.<anonymous> (C:\Program Files\nodejs\node_modules\npm\lib\utils\spawn.js:40:14)
14 verbose stack     at emitTwo (events.js:106:13)
14 verbose stack     at ChildProcess.emit (events.js:191:7)
14 verbose stack     at maybeClose (internal/child_process.js:891:16)
14 verbose stack     at Process.ChildProcess._handle.onexit (internal/child_process.js:226:5)
15 verbose pkgid test@2.1.2
16 verbose cwd E:\vm_init\public_html\mikrotik\plugins\xnitro\mikrotik\assets\dashboard\build
17 error Windows_NT 10.0.16299
18 error argv "C:\\Program Files\\nodejs\\node.exe" "C:\\Program Files\\nodejs\\node_modules\\npm\\bin\\npm-cli.js" "run" "build"
19 error node v6.11.1
20 error npm  v3.10.10
21 error code ELIFECYCLE
22 error test@2.1.2 build: `webpack`
22 error Exit status 2
23 error Failed at the test@2.1.2 build script 'webpack'.
23 error Make sure you have the latest version of node.js and npm installed.
23 error If you do, this is most likely a problem with the test package,
23 error not with npm itself.
23 error Tell the author that this fails on your system:
23 error     webpack
23 error You can get information on how to open an issue for this project with:
23 error     npm bugs test
23 error Or if that isn't available, you can get their info via:
23 error     npm owner ls test
23 error There is likely additional logging output above.
24 verbose exit [ 1, true ]
